<?xml version="1.0" encoding="UTF-8"?>
<!-- Generated by org.testng.reporters.JUnitReportReporter -->
<testsuite hostname="AP" failures="0" tests="3" name="testNgDemo.TestNgGroups" time="0.010" errors="0" timestamp="2025-10-27T07:57:42 IST" skipped="0">
  <testcase classname="testNgDemo.TestNgGroups" name="testMethod6" time="0.001"/>
  <testcase classname="testNgDemo.TestNgGroups" name="testMethod" time="0.008"/>
  <testcase classname="testNgDemo.TestNgGroups" name="testMethod2" time="0.001"/>
</testsuite> <!-- testNgDemo.TestNgGroups -->
